<?xml version="1.0" encoding="UTF-8"?>
<!-- Generated by org.testng.reporters.JUnitReportReporter -->
<testsuite hostname="Vigneshs-MacBook-Pro-3.local" failures="0" tests="2" name="AutomationTest.BrightTalkTest.RunnerTest" time="17.635" errors="0" timestamp="2020-11-21T18:50:16 PST" skipped="0">
  <testcase classname="AutomationTest.BrightTalkTest.RunnerTest" name="feature" time="1.895"/>
  <testcase classname="AutomationTest.BrightTalkTest.RunnerTest" name="feature" time="15.740"/>
</testsuite> <!-- AutomationTest.BrightTalkTest.RunnerTest -->
